<?xml version="1.0" encoding="UTF-8"?>
<!-- Generated by org.testng.reporters.JUnitReportReporter -->
<testsuite hostname="LENOVO" failures="0" tests="1" name="Meta.FacebookTitle" time="3.974" errors="0" timestamp="2023-06-18T14:32:58 IST" skipped="0">
  <testcase classname="Meta.FacebookTitle" name="title" time="3.974"/>
  <system-out/>
</testsuite> <!-- Meta.FacebookTitle -->
