<?xml version="1.0" encoding="UTF-8"?>
<!-- Generated by org.testng.reporters.JUnitReportReporter -->
<testsuite hostname="LENOVO" failures="0" tests="1" name="Meta.FacebookTitle2" time="5.552" errors="0" timestamp="2023-06-24T11:10:56 IST" skipped="0">
  <testcase classname="Meta.FacebookTitle2" name="title" time="5.552"/>
  <system-out/>
</testsuite> <!-- Meta.FacebookTitle2 -->
