<?xml version="1.0" encoding="UTF-8"?>
<!-- Generated by org.testng.reporters.JUnitReportReporter -->
<testsuite hostname="LENOVO" failures="0" tests="1" name="Meta.FacebookTitle" time="3.054" errors="0" timestamp="2023-06-24T11:10:56 IST" skipped="0">
  <testcase classname="Meta.FacebookTitle" name="title" time="3.054"/>
  <system-out/>
</testsuite> <!-- Meta.FacebookTitle -->
